<?xml version="1.0" encoding="UTF-8"?>
<!-- Generated by org.testng.reporters.JUnitReportReporter -->
<testsuite hostname="LAPTOP-SDIGT559" failures="0" tests="1" name="Test.GenericTest" time="36.307" errors="0" timestamp="2025-06-01T11:17:44 IST" skipped="0">
  <testcase classname="Test.GenericTest" name="testPageComponentsMilo" time="36.307"/>
  <system-out/>
</testsuite> <!-- Test.GenericTest -->
