<?xml version="1.0" encoding="UTF-8"?>
<!-- Generated by org.testng.reporters.JUnitReportReporter -->
<testsuite hostname="LAPTOP-SDIGT559" failures="0" tests="1" name="dotcom.adobe.tests.GenericTests" time="35.470" errors="0" timestamp="2025-05-31T12:31:33 IST" skipped="0">
  <testcase classname="dotcom.adobe.tests.GenericTests" name="testPageComponentsMilo" time="35.470"/>
  <system-out/>
</testsuite> <!-- dotcom.adobe.tests.GenericTests -->
