<?xml version="1.0" encoding="UTF-8"?>
<!-- Generated by org.testng.reporters.JUnitReportReporter -->
<testsuite hostname="AP-17L92T3" failures="0" tests="1" name="dotcom.adobe.tests.GenericTests_P" time="133.479" errors="0" timestamp="2024-09-24T15:22:46 IST" skipped="0">
  <testcase classname="dotcom.adobe.tests.GenericTests_P" name="testBrokenLinksOnHelixPage" time="133.479"/>
  <system-out/>
</testsuite> <!-- dotcom.adobe.tests.GenericTests_P -->
