<?xml version="1.0" encoding="UTF-8"?>
<!-- Generated by org.testng.reporters.JUnitReportReporter -->
<testsuite hostname="AP-17L92T3" failures="0" tests="1" name="dotcom.adobe.tests.MiloExperienceCloudTests" time="226.808" errors="0" timestamp="2024-05-30T13:49:46 IST" skipped="0">
  <testcase classname="dotcom.adobe.tests.MiloExperienceCloudTests" name="dx_milo_verifyMiloMarketoFormSubmission" time="226.808"/>
  <system-out/>
</testsuite> <!-- dotcom.adobe.tests.MiloExperienceCloudTests -->
