<?xml version="1.0" encoding="UTF-8"?>
<!-- Generated by org.testng.reporters.JUnitReportReporter -->
<testsuite hostname="AP-17L92T3" failures="0" tests="2" name="dotcom.adobe.tests.ParallelTests" time="641.559" errors="0" timestamp="2024-08-22T21:48:03 IST" skipped="0">
  <testcase classname="dotcom.adobe.tests.ParallelTests" name="testPageComponentsMilo_2" time="324.193"/>
  <system-out/>
  <testcase classname="dotcom.adobe.tests.ParallelTests" name="testPageComponentsMilo_1" time="317.366"/>
  <system-out/>
</testsuite> <!-- dotcom.adobe.tests.ParallelTests -->
