<?xml version="1.0" encoding="UTF-8"?>
<!-- Generated by org.testng.reporters.JUnitReportReporter -->
<testsuite hostname="AP-17L92T3" failures="0" tests="1" name="dotcom.adobe.tests.ExperienceCloudTests" time="82.956" errors="0" timestamp="2024-03-11T10:19:35 IST" skipped="0">
  <testcase classname="dotcom.adobe.tests.ExperienceCloudTests" name="verifyMiloFassFormSubmission" time="82.956"/>
  <system-out/>
</testsuite> <!-- dotcom.adobe.tests.ExperienceCloudTests -->
