<?xml version="1.0" encoding="UTF-8"?>
<!-- Generated by org.testng.reporters.JUnitReportReporter -->
<testsuite hostname="AP-17L92T3" failures="0" tests="1" name="dotcom.adobe.tests.MiloCreativeCloudTests" time="134.634" errors="0" timestamp="2024-09-16T10:28:23 IST" skipped="0">
  <testcase classname="dotcom.adobe.tests.MiloCreativeCloudTests" name="MILO_verifyCCAllFreeTrialCtaLinkInPage" time="134.634"/>
  <system-out/>
</testsuite> <!-- dotcom.adobe.tests.MiloCreativeCloudTests -->
