<?xml version="1.0" encoding="UTF-8"?>
<!-- Generated by org.testng.reporters.JUnitReportReporter -->
<testsuite hostname="AP-17L92T3" failures="0" tests="1" name="dotcom.adobe.tests.ExpressTests" time="362.098" errors="0" timestamp="2024-03-08T11:12:27 IST" skipped="0">
  <testcase classname="dotcom.adobe.tests.ExpressTests" name="express_PricingSuiteRegularPlusPromoPriceCheck" time="362.098"/>
  <system-out/>
</testsuite> <!-- dotcom.adobe.tests.ExpressTests -->
