<?xml version="1.0" encoding="UTF-8"?>
<!-- Generated by org.testng.reporters.JUnitReportReporter -->
<testsuite hostname="AP-17L92T3" failures="0" tests="1" name="dotcom.adobe.tests.DocumentCloudTests" time="9412.805" errors="0" timestamp="2024-09-16T18:58:29 IST" skipped="0">
  <testcase classname="dotcom.adobe.tests.DocumentCloudTests" name="dcPricingSuite" time="9412.805"/>
  <system-out/>
</testsuite> <!-- dotcom.adobe.tests.DocumentCloudTests -->
