<?xml version="1.0" encoding="UTF-8"?>
<!-- Generated by org.testng.reporters.JUnitReportReporter -->
<testsuite hostname="AP-17L92T3" failures="0" tests="2" name="dotcom.adobe.tests.CreativeCloudTests_P" time="2385.224" errors="0" timestamp="2024-09-18T11:24:10 IST" skipped="0">
  <testcase classname="dotcom.adobe.tests.CreativeCloudTests_P" name="ccPricingSuiteRegularPlusPromoPriceCheck_Updated" time="1180.766"/>
  <system-out/>
  <testcase classname="dotcom.adobe.tests.CreativeCloudTests_P" name="ccPricingSuiteRegularPlusPromoPriceCheck_Updated2" time="1204.458"/>
  <system-out/>
</testsuite> <!-- dotcom.adobe.tests.CreativeCloudTests_P -->
