<?xml version="1.0" encoding="UTF-8"?>
<!-- Generated by org.testng.reporters.JUnitReportReporter -->
<testsuite hostname="AP-17L92T3" failures="1" tests="1" name="dotcom.adobe.tests.CreativeCloudTests" time="2890.623" errors="0" timestamp="2024-08-09T19:25:40 IST" skipped="0">
  <testcase classname="dotcom.adobe.tests.CreativeCloudTests" name="verifyUpdateAppCTADetailWithLoggedInState" time="2890.623">
    <failure message="The following asserts failed:
	Marquee UpdateApp CtaLink is not matching with Expected Linkhttps://www.stage.adobe.com/ca_fr/products/illustrator/ai.html?mep=%2Fproducts%2Fillustrator%2Fai.json--cc-all-apps-any expected [true] but found [false],
	ProductBlade UpdateApp CtaLink is not matching with Expected Linkhttps://www.stage.adobe.com/ca_fr/products/illustrator/ai.html?mep=%2Fproducts%2Fillustrator%2Fai.json--cc-all-apps-any expected [true] but found [false],
	StickyBar UpdateApp CtaLink is not matching with Expected Linkhttps://www.stage.adobe.com/ca_fr/products/illustrator/ai.html?mep=%2Fproducts%2Fillustrator%2Fai.json--cc-all-apps-any expected [true] but found [false],
	Marquee UpdateApp CtaLink is not matching with Expected Linkhttps://www.stage.adobe.com/co/products/illustrator/ai.html?mep=%2Fproducts%2Fillustrator%2Fai.json--cc-all-apps-any expected [true] but found [false],
	ProductBlade UpdateApp CtaLink is not matching with Expected Linkhttps://www.stage.adobe.com/co/products/illustrator/ai.html?mep=%2Fproducts%2Fillustrator%2Fai.json--cc-all-apps-any expected [true] but found [false],
	StickyBar UpdateApp CtaLink is not matching with Expected Linkhttps://www.stage.adobe.com/co/products/illustrator/ai.html?mep=%2Fproducts%2Fillustrator%2Fai.json--cc-all-apps-any expected [true] but found [false],
	Marquee UpdateApp CtaLink is not matching with Expected Linkhttps://www.stage.adobe.com/es/products/illustrator/ai.html?mep=%2Fproducts%2Fillustrator%2Fai.json--cc-all-apps-any expected [true] but found [false],
	ProductBlade UpdateApp CtaLink is not matching with Expected Linkhttps://www.stage.adobe.com/es/products/illustrator/ai.html?mep=%2Fproducts%2Fillustrator%2Fai.json--cc-all-apps-any expected [true] but found [false],
	StickyBar UpdateApp CtaLink is not matching with Expected Linkhttps://www.stage.adobe.com/es/products/illustrator/ai.html?mep=%2Fproducts%2Fillustrator%2Fai.json--cc-all-apps-any expected [true] but found [false],
	Marquee UpdateApp CtaLink is not matching with Expected Linkhttps://www.stage.adobe.com/fr/products/illustrator/ai.html?mep=%2Fproducts%2Fillustrator%2Fai.json--cc-all-apps-any expected [true] but found [false],
	ProductBlade UpdateApp CtaLink is not matching with Expected Linkhttps://www.stage.adobe.com/fr/products/illustrator/ai.html?mep=%2Fproducts%2Fillustrator%2Fai.json--cc-all-apps-any expected [true] but found [false],
	StickyBar UpdateApp CtaLink is not matching with Expected Linkhttps://www.stage.adobe.com/fr/products/illustrator/ai.html?mep=%2Fproducts%2Fillustrator%2Fai.json--cc-all-apps-any expected [true] but found [false],
	Marquee UpdateApp CtaLink is not matching with Expected Linkhttps://www.stage.adobe.com/hk_zh/products/illustrator/ai.html?mep=%2Fproducts%2Fillustrator%2Fai.json--cc-all-apps-any expected [true] but found [false],
	ProductBlade UpdateApp CtaLink is not matching with Expected Linkhttps://www.stage.adobe.com/hk_zh/products/illustrator/ai.html?mep=%2Fproducts%2Fillustrator%2Fai.json--cc-all-apps-any expected [true] but found [false],
	StickyBar UpdateApp CtaLink is not matching with Expected Linkhttps://www.stage.adobe.com/hk_zh/products/illustrator/ai.html?mep=%2Fproducts%2Fillustrator%2Fai.json--cc-all-apps-any expected [true] but found [false],
	Marquee UpdateApp CtaLink is not matching with Expected Linkhttps://www.stage.adobe.com/it/products/illustrator/ai.html?mep=%2Fproducts%2Fillustrator%2Fai.json--cc-all-apps-any expected [true] but found [false],
	ProductBlade UpdateApp CtaLink is not matching with Expected Linkhttps://www.stage.adobe.com/it/products/illustrator/ai.html?mep=%2Fproducts%2Fillustrator%2Fai.json--cc-all-apps-any expected [true] but found [false],
	StickyBar UpdateApp CtaLink is not matching with Expected Linkhttps://www.stage.adobe.com/it/products/illustrator/ai.html?mep=%2Fproducts%2Fillustrator%2Fai.json--cc-all-apps-any expected [true] but found [false],
	Marquee UpdateApp CtaLink is not matching with Expected Linkhttps://www.stage.adobe.com/la/products/illustrator/ai.html?mep=%2Fproducts%2Fillustrator%2Fai.json--cc-all-apps-any expected [true] but found [false],
	ProductBlade UpdateApp CtaLink is not matching with Expected Linkhttps://www.stage.adobe.com/la/products/illustrator/ai.html?mep=%2Fproducts%2Fillustrator%2Fai.json--cc-all-apps-any expected [true] but found [false],
	StickyBar UpdateApp CtaLink is not matching with Expected Linkhttps://www.stage.adobe.com/la/products/illustrator/ai.html?mep=%2Fproducts%2Fillustrator%2Fai.json--cc-all-apps-any expected [true] but found [false],
	Marquee UpdateApp CtaLink is not matching with Expected Linkhttps://www.stage.adobe.com/lt/products/illustrator/ai.html?mep=%2Fproducts%2Fillustrator%2Fai.json--cc-all-apps-any expected [true] but found [false],
	ProductBlade UpdateApp CtaLink is not matching with Expected Linkhttps://www.stage.adobe.com/lt/products/illustrator/ai.html?mep=%2Fproducts%2Fillustrator%2Fai.json--cc-all-apps-any expected [true] but found [false],
	StickyBar UpdateApp CtaLink is not matching with Expected Linkhttps://www.stage.adobe.com/lt/products/illustrator/ai.html?mep=%2Fproducts%2Fillustrator%2Fai.json--cc-all-apps-any expected [true] but found [false],
	Marquee UpdateApp CtaLink is not matching with Expected Linkhttps://www.stage.adobe.com/ua/products/illustrator/ai.html?mep=%2Fproducts%2Fillustrator%2Fai.json--cc-all-apps-any expected [true] but found [false],
	ProductBlade UpdateApp CtaLink is not matching with Expected Linkhttps://www.stage.adobe.com/ua/products/illustrator/ai.html?mep=%2Fproducts%2Fillustrator%2Fai.json--cc-all-apps-any expected [true] but found [false],
	Marquee UpdateApp CtaLink is not matching with Expected Linkhttps://www.stage.adobe.com/se/products/illustrator/ai.html?mep=%2Fproducts%2Fillustrator%2Fai.json--cc-all-apps-any expected [true] but found [false],
	ProductBlade UpdateApp CtaLink is not matching with Expected Linkhttps://www.stage.adobe.com/se/products/illustrator/ai.html?mep=%2Fproducts%2Fillustrator%2Fai.json--cc-all-apps-any expected [true] but found [false],
	StickyBar UpdateApp CtaLink is not matching with Expected Linkhttps://www.stage.adobe.com/se/products/illustrator/ai.html?mep=%2Fproducts%2Fillustrator%2Fai.json--cc-all-apps-any expected [true] but found [false],
	Marquee UpdateApp CtaLink is not matching with Expected Linkhttps://www.stage.adobe.com/ro/products/illustrator/ai.html?mep=%2Fproducts%2Fillustrator%2Fai.json--cc-all-apps-any expected [true] but found [false],
	ProductBlade UpdateApp CtaLink is not matching with Expected Linkhttps://www.stage.adobe.com/ro/products/illustrator/ai.html?mep=%2Fproducts%2Fillustrator%2Fai.json--cc-all-apps-any expected [true] but found [false],
	Marquee UpdateApp CtaLink is not matching with Expected Linkhttps://www.stage.adobe.com/pl/products/illustrator/ai.html?mep=%2Fproducts%2Fillustrator%2Fai.json--cc-all-apps-any expected [true] but found [false],
	ProductBlade UpdateApp CtaLink is not matching with Expected Linkhttps://www.stage.adobe.com/pl/products/illustrator/ai.html?mep=%2Fproducts%2Fillustrator%2Fai.json--cc-all-apps-any expected [true] but found [false],
	StickyBar UpdateApp CtaLink is not matching with Expected Linkhttps://www.stage.adobe.com/pl/products/illustrator/ai.html?mep=%2Fproducts%2Fillustrator%2Fai.json--cc-all-apps-any expected [true] but found [false]" type="java.lang.AssertionError">
      <![CDATA[java.lang.AssertionError: The following asserts failed:
Marquee UpdateApp CtaLink is not matching with Expected Linkhttps://www.stage.adobe.com/ca_fr/products/illustrator/ai.html?mep=%2Fproducts%2Fillustrator%2Fai.json--cc-all-apps-any expected [true] but found [false],
ProductBlade UpdateApp CtaLink is not matching with Expected Linkhttps://www.stage.adobe.com/ca_fr/products/illustrator/ai.html?mep=%2Fproducts%2Fillustrator%2Fai.json--cc-all-apps-any expected [true] but found [false],
StickyBar UpdateApp CtaLink is not matching with Expected Linkhttps://www.stage.adobe.com/ca_fr/products/illustrator/ai.html?mep=%2Fproducts%2Fillustrator%2Fai.json--cc-all-apps-any expected [true] but found [false],
Marquee UpdateApp CtaLink is not matching with Expected Linkhttps://www.stage.adobe.com/co/products/illustrator/ai.html?mep=%2Fproducts%2Fillustrator%2Fai.json--cc-all-apps-any expected [true] but found [false],
ProductBlade UpdateApp CtaLink is not matching with Expected Linkhttps://www.stage.adobe.com/co/products/illustrator/ai.html?mep=%2Fproducts%2Fillustrator%2Fai.json--cc-all-apps-any expected [true] but found [false],
StickyBar UpdateApp CtaLink is not matching with Expected Linkhttps://www.stage.adobe.com/co/products/illustrator/ai.html?mep=%2Fproducts%2Fillustrator%2Fai.json--cc-all-apps-any expected [true] but found [false],
Marquee UpdateApp CtaLink is not matching with Expected Linkhttps://www.stage.adobe.com/es/products/illustrator/ai.html?mep=%2Fproducts%2Fillustrator%2Fai.json--cc-all-apps-any expected [true] but found [false],
ProductBlade UpdateApp CtaLink is not matching with Expected Linkhttps://www.stage.adobe.com/es/products/illustrator/ai.html?mep=%2Fproducts%2Fillustrator%2Fai.json--cc-all-apps-any expected [true] but found [false],
StickyBar UpdateApp CtaLink is not matching with Expected Linkhttps://www.stage.adobe.com/es/products/illustrator/ai.html?mep=%2Fproducts%2Fillustrator%2Fai.json--cc-all-apps-any expected [true] but found [false],
Marquee UpdateApp CtaLink is not matching with Expected Linkhttps://www.stage.adobe.com/fr/products/illustrator/ai.html?mep=%2Fproducts%2Fillustrator%2Fai.json--cc-all-apps-any expected [true] but found [false],
ProductBlade UpdateApp CtaLink is not matching with Expected Linkhttps://www.stage.adobe.com/fr/products/illustrator/ai.html?mep=%2Fproducts%2Fillustrator%2Fai.json--cc-all-apps-any expected [true] but found [false],
StickyBar UpdateApp CtaLink is not matching with Expected Linkhttps://www.stage.adobe.com/fr/products/illustrator/ai.html?mep=%2Fproducts%2Fillustrator%2Fai.json--cc-all-apps-any expected [true] but found [false],
Marquee UpdateApp CtaLink is not matching with Expected Linkhttps://www.stage.adobe.com/hk_zh/products/illustrator/ai.html?mep=%2Fproducts%2Fillustrator%2Fai.json--cc-all-apps-any expected [true] but found [false],
ProductBlade UpdateApp CtaLink is not matching with Expected Linkhttps://www.stage.adobe.com/hk_zh/products/illustrator/ai.html?mep=%2Fproducts%2Fillustrator%2Fai.json--cc-all-apps-any expected [true] but found [false],
StickyBar UpdateApp CtaLink is not matching with Expected Linkhttps://www.stage.adobe.com/hk_zh/products/illustrator/ai.html?mep=%2Fproducts%2Fillustrator%2Fai.json--cc-all-apps-any expected [true] but found [false],
Marquee UpdateApp CtaLink is not matching with Expected Linkhttps://www.stage.adobe.com/it/products/illustrator/ai.html?mep=%2Fproducts%2Fillustrator%2Fai.json--cc-all-apps-any expected [true] but found [false],
ProductBlade UpdateApp CtaLink is not matching with Expected Linkhttps://www.stage.adobe.com/it/products/illustrator/ai.html?mep=%2Fproducts%2Fillustrator%2Fai.json--cc-all-apps-any expected [true] but found [false],
StickyBar UpdateApp CtaLink is not matching with Expected Linkhttps://www.stage.adobe.com/it/products/illustrator/ai.html?mep=%2Fproducts%2Fillustrator%2Fai.json--cc-all-apps-any expected [true] but found [false],
Marquee UpdateApp CtaLink is not matching with Expected Linkhttps://www.stage.adobe.com/la/products/illustrator/ai.html?mep=%2Fproducts%2Fillustrator%2Fai.json--cc-all-apps-any expected [true] but found [false],
ProductBlade UpdateApp CtaLink is not matching with Expected Linkhttps://www.stage.adobe.com/la/products/illustrator/ai.html?mep=%2Fproducts%2Fillustrator%2Fai.json--cc-all-apps-any expected [true] but found [false],
StickyBar UpdateApp CtaLink is not matching with Expected Linkhttps://www.stage.adobe.com/la/products/illustrator/ai.html?mep=%2Fproducts%2Fillustrator%2Fai.json--cc-all-apps-any expected [true] but found [false],
Marquee UpdateApp CtaLink is not matching with Expected Linkhttps://www.stage.adobe.com/lt/products/illustrator/ai.html?mep=%2Fproducts%2Fillustrator%2Fai.json--cc-all-apps-any expected [true] but found [false],
ProductBlade UpdateApp CtaLink is not matching with Expected Linkhttps://www.stage.adobe.com/lt/products/illustrator/ai.html?mep=%2Fproducts%2Fillustrator%2Fai.json--cc-all-apps-any expected [true] but found [false],
StickyBar UpdateApp CtaLink is not matching with Expected Linkhttps://www.stage.adobe.com/lt/products/illustrator/ai.html?mep=%2Fproducts%2Fillustrator%2Fai.json--cc-all-apps-any expected [true] but found [false],
Marquee UpdateApp CtaLink is not matching with Expected Linkhttps://www.stage.adobe.com/ua/products/illustrator/ai.html?mep=%2Fproducts%2Fillustrator%2Fai.json--cc-all-apps-any expected [true] but found [false],
ProductBlade UpdateApp CtaLink is not matching with Expected Linkhttps://www.stage.adobe.com/ua/products/illustrator/ai.html?mep=%2Fproducts%2Fillustrator%2Fai.json--cc-all-apps-any expected [true] but found [false],
Marquee UpdateApp CtaLink is not matching with Expected Linkhttps://www.stage.adobe.com/se/products/illustrator/ai.html?mep=%2Fproducts%2Fillustrator%2Fai.json--cc-all-apps-any expected [true] but found [false],
ProductBlade UpdateApp CtaLink is not matching with Expected Linkhttps://www.stage.adobe.com/se/products/illustrator/ai.html?mep=%2Fproducts%2Fillustrator%2Fai.json--cc-all-apps-any expected [true] but found [false],
StickyBar UpdateApp CtaLink is not matching with Expected Linkhttps://www.stage.adobe.com/se/products/illustrator/ai.html?mep=%2Fproducts%2Fillustrator%2Fai.json--cc-all-apps-any expected [true] but found [false],
Marquee UpdateApp CtaLink is not matching with Expected Linkhttps://www.stage.adobe.com/ro/products/illustrator/ai.html?mep=%2Fproducts%2Fillustrator%2Fai.json--cc-all-apps-any expected [true] but found [false],
ProductBlade UpdateApp CtaLink is not matching with Expected Linkhttps://www.stage.adobe.com/ro/products/illustrator/ai.html?mep=%2Fproducts%2Fillustrator%2Fai.json--cc-all-apps-any expected [true] but found [false],
Marquee UpdateApp CtaLink is not matching with Expected Linkhttps://www.stage.adobe.com/pl/products/illustrator/ai.html?mep=%2Fproducts%2Fillustrator%2Fai.json--cc-all-apps-any expected [true] but found [false],
ProductBlade UpdateApp CtaLink is not matching with Expected Linkhttps://www.stage.adobe.com/pl/products/illustrator/ai.html?mep=%2Fproducts%2Fillustrator%2Fai.json--cc-all-apps-any expected [true] but found [false],
StickyBar UpdateApp CtaLink is not matching with Expected Linkhttps://www.stage.adobe.com/pl/products/illustrator/ai.html?mep=%2Fproducts%2Fillustrator%2Fai.json--cc-all-apps-any expected [true] but found [false]
at org.testng.asserts.SoftAssert.assertAll(SoftAssert.java:47)
at org.testng.asserts.SoftAssert.assertAll(SoftAssert.java:31)
at dotcom.adobe.tests.CreativeCloudTests.verifyUpdateAppCTADetailWithLoggedInState(CreativeCloudTests.java:12434)
at java.base/jdk.internal.reflect.DirectMethodHandleAccessor.invoke(DirectMethodHandleAccessor.java:104)
at java.base/java.lang.reflect.Method.invoke(Method.java:578)
at org.testng.internal.MethodInvocationHelper.invokeMethod(MethodInvocationHelper.java:133)
at org.testng.internal.TestInvoker.invokeMethod(TestInvoker.java:598)
at org.testng.internal.TestInvoker.invokeTestMethod(TestInvoker.java:173)
at org.testng.internal.MethodRunner.runInSequence(MethodRunner.java:46)
at org.testng.internal.TestInvoker$MethodInvocationAgent.invoke(TestInvoker.java:824)
at org.testng.internal.TestInvoker.invokeTestMethods(TestInvoker.java:146)
at org.testng.internal.TestMethodWorker.invokeTestMethods(TestMethodWorker.java:146)
at org.testng.internal.TestMethodWorker.run(TestMethodWorker.java:128)
at java.base/java.util.ArrayList.forEach(ArrayList.java:1511)
at org.testng.TestRunner.privateRun(TestRunner.java:794)
at org.testng.TestRunner.run(TestRunner.java:596)
at org.testng.SuiteRunner.runTest(SuiteRunner.java:377)
at org.testng.SuiteRunner.runSequentially(SuiteRunner.java:371)
at org.testng.SuiteRunner.privateRun(SuiteRunner.java:332)
at org.testng.SuiteRunner.run(SuiteRunner.java:276)
at org.testng.SuiteRunnerWorker.runSuite(SuiteRunnerWorker.java:53)
at org.testng.SuiteRunnerWorker.run(SuiteRunnerWorker.java:96)
at org.testng.TestNG.runSuitesSequentially(TestNG.java:1212)
at org.testng.TestNG.runSuitesLocally(TestNG.java:1134)
at org.testng.TestNG.runSuites(TestNG.java:1063)
at org.testng.TestNG.run(TestNG.java:1031)
at org.testng.remote.AbstractRemoteTestNG.run(AbstractRemoteTestNG.java:115)
at org.testng.remote.RemoteTestNG.initAndRun(RemoteTestNG.java:251)
at org.testng.remote.RemoteTestNG.main(RemoteTestNG.java:77)
]]>
    </failure>
  </testcase> <!-- verifyUpdateAppCTADetailWithLoggedInState -->
  <system-out/>
</testsuite> <!-- dotcom.adobe.tests.CreativeCloudTests -->
